<?xml version="1.0" encoding="UTF-8"?>
<!-- Generated by org.testng.reporters.JUnitReportReporter -->
<testsuite skipped="1" hostname="ip-172-31-78-27" name="test.LoginTest" tests="2" failures="0" timestamp="2021-07-03T05:13:41 UTC" time="4.989" errors="0">
  <testcase name="logintest" time="4.989" classname="test.LoginTest"/>
  <system-out/>
  <testcase name="test" classname="test.LoginTest">
    <skipped/>
  </testcase> <!-- test -->
  <system-out/>
</testsuite> <!-- test.LoginTest -->
