<?xml version="1.0" encoding="UTF-8"?>
<!-- Generated by org.testng.reporters.JUnitReportReporter -->
<testsuite skipped="0" hostname="ip-172-31-78-27" name="tdd.PrimenumTest" tests="2" failures="0" timestamp="2021-07-10T05:51:27 UTC" time="0.011" errors="0">
  <testcase name="positiveTest" time="0.001" classname="tdd.PrimenumTest"/>
  <system-out/>
  <testcase name="negativeTest" time="0.010" classname="tdd.PrimenumTest"/>
  <system-out/>
</testsuite> <!-- tdd.PrimenumTest -->
